Using pre-set license
Built from '2020.3/staging' branch; Version is '2020.3.8f1 (507919d4fff5) revision 5273881'; Using compiler version '192528614'; Build Type 'Release'
OS: 'Windows 10 Home; OS build 19042.1237; Version 2009; 64bit' Language: 'fr' Physical Memory: 16312 MB
BatchMode: 1, IsHumanControllingUs: 0, StartBugReporterOnCrash: 0, Is64bit: 1, IsPro: 0

 COMMAND LINE ARGUMENTS:
C:\Program Files\Unity\Hub\Editor\2020.3.8f1\Editor\Unity.exe
-adb2
-batchMode
-noUpm
-name
AssetImportWorker0
-projectPath
C:/Users/Mauro/Documents/GitHub/Mario_Unity_io
-logFile
Logs/AssetImportWorker0.log
-srvPort
65101
Successfully changed project path to: C:/Users/Mauro/Documents/GitHub/Mario_Unity_io
C:/Users/Mauro/Documents/GitHub/Mario_Unity_io
Using Asset Import Pipeline V2.
Refreshing native plugins compatible for Editor in 63.41 ms, found 0 plugins.
Preloading 0 native plugins for Editor in 0.00 ms.
Initialize engine version: 2020.3.8f1 (507919d4fff5)
[Subsystems] Discovering subsystems at path C:/Program Files/Unity/Hub/Editor/2020.3.8f1/Editor/Data/Resources/UnitySubsystems
[Subsystems] Discovering subsystems at path C:/Users/Mauro/Documents/GitHub/Mario_Unity_io/Assets
GfxDevice: creating device client; threaded=0
Direct3D:
    Version:  Direct3D 11.0 [level 11.1]
    Renderer: AMD Radeon RX 5600 XT (ID=0x731f)
    Vendor:   
    VRAM:     6103 MB
    Driver:   27.20.22001.14011
Initialize mono
Mono path[0] = 'C:/Program Files/Unity/Hub/Editor/2020.3.8f1/Editor/Data/Managed'
Mono path[1] = 'C:/Program Files/Unity/Hub/Editor/2020.3.8f1/Editor/Data/MonoBleedingEdge/lib/mono/unityjit'
Mono config path = 'C:/Program Files/Unity/Hub/Editor/2020.3.8f1/Editor/Data/MonoBleedingEdge/etc'
Using monoOptions --debugger-agent=transport=dt_socket,embedding=1,server=y,suspend=n,address=127.0.0.1:56716
Begin MonoManager ReloadAssembly
Registering precompiled unity dll's ...
Register platform support module: C:/Program Files/Unity/Hub/Editor/2020.3.8f1/Editor/Data/PlaybackEngines/WindowsStandaloneSupport/UnityEditor.WindowsStandalone.Extensions.dll
Registered in 0.002951 seconds.
Native extension for WindowsStandalone target not found
Refreshing native plugins compatible for Editor in 93.05 ms, found 0 plugins.
Preloading 0 native plugins for Editor in 0.00 ms.
Mono: successfully reloaded assembly
- Completed reload, in  2.108 seconds
Platform modules already initialized, skipping
Registering precompiled user dll's ...
Registered in 0.001644 seconds.
Begin MonoManager ReloadAssembly
Native extension for WindowsStandalone target not found
Refreshing native plugins compatible for Editor in 0.48 ms, found 0 plugins.
Preloading 0 native plugins for Editor in 0.00 ms.
Mono: successfully reloaded assembly
- Completed reload, in  1.258 seconds
Platform modules already initialized, skipping
========================================================================
Worker process is ready to serve import requests
Launched and connected shader compiler UnityShaderCompiler.exe after 0.05 seconds
Refreshing native plugins compatible for Editor in 0.59 ms, found 0 plugins.
Preloading 0 native plugins for Editor in 0.00 ms.
Unloading 1267 Unused Serialized files (Serialized files now loaded: 0)
System memory in use before: 64.9 MB.
System memory in use after: 65.0 MB.

Unloading 12 unused Assets to reduce memory usage. Loaded Objects now: 1708.
Total: 1.881900 ms (FindLiveObjects: 0.154800 ms CreateObjectMapping: 0.031100 ms MarkObjects: 1.629300 ms  DeleteObjects: 0.065300 ms)

========================================================================
Received Import Request.
  path: Assets/mario/mario.prefab
  artifactKey: Guid(4909a9b1f9fc1d244952aa4acd9be1b9) Importer(815301076,1909f56bfc062723c751e8b465ee728b)
Start importing Assets/mario/mario.prefab using Guid(4909a9b1f9fc1d244952aa4acd9be1b9) Importer(815301076,1909f56bfc062723c751e8b465ee728b)  -> (artifact id: '7427fad5b835b7b880eae6bc034c9284') in 0.231963 seconds
  Import took 0.236454 seconds .

========================================================================
Received Import Request.
  Time since last request: 39.135192 seconds.
  path: Assets/mario/mario.prefab
  artifactKey: Guid(4909a9b1f9fc1d244952aa4acd9be1b9) Importer(815301076,1909f56bfc062723c751e8b465ee728b)
Start importing Assets/mario/mario.prefab using Guid(4909a9b1f9fc1d244952aa4acd9be1b9) Importer(815301076,1909f56bfc062723c751e8b465ee728b)  -> (artifact id: 'c847dd9a42a6c5aace8fe6c0a4b5a97a') in 0.063737 seconds
  Import took 0.068970 seconds .

========================================================================
Received Prepare
Registering precompiled user dll's ...
Registered in 0.001187 seconds.
Begin MonoManager ReloadAssembly
Native extension for WindowsStandalone target not found
Refreshing native plugins compatible for Editor in 0.56 ms, found 0 plugins.
Preloading 0 native plugins for Editor in 0.00 ms.
Mono: successfully reloaded assembly
- Completed reload, in  1.350 seconds
Platform modules already initialized, skipping
Refreshing native plugins compatible for Editor in 0.50 ms, found 0 plugins.
Preloading 0 native plugins for Editor in 0.00 ms.
Unloading 1259 Unused Serialized files (Serialized files now loaded: 0)
System memory in use before: 81.3 MB.
System memory in use after: 81.5 MB.

Unloading 7 unused Assets to reduce memory usage. Loaded Objects now: 1719.
Total: 2.197400 ms (FindLiveObjects: 0.180500 ms CreateObjectMapping: 0.034400 ms MarkObjects: 1.956900 ms  DeleteObjects: 0.024000 ms)

========================================================================
Received Prepare
Registering precompiled user dll's ...
Registered in 0.001087 seconds.
Begin MonoManager ReloadAssembly
Native extension for WindowsStandalone target not found
Refreshing native plugins compatible for Editor in 0.49 ms, found 0 plugins.
Preloading 0 native plugins for Editor in 0.00 ms.
Mono: successfully reloaded assembly
- Completed reload, in  1.311 seconds
Platform modules already initialized, skipping
Refreshing native plugins compatible for Editor in 0.47 ms, found 0 plugins.
Preloading 0 native plugins for Editor in 0.00 ms.
Unloading 1259 Unused Serialized files (Serialized files now loaded: 0)
System memory in use before: 81.4 MB.
System memory in use after: 81.5 MB.

Unloading 7 unused Assets to reduce memory usage. Loaded Objects now: 1722.
Total: 2.185900 ms (FindLiveObjects: 0.178500 ms CreateObjectMapping: 0.032600 ms MarkObjects: 1.951200 ms  DeleteObjects: 0.022200 ms)

========================================================================
Received Prepare
Registering precompiled user dll's ...
Registered in 0.001481 seconds.
Begin MonoManager ReloadAssembly
Native extension for WindowsStandalone target not found
Refreshing native plugins compatible for Editor in 0.89 ms, found 0 plugins.
Preloading 0 native plugins for Editor in 0.00 ms.
Mono: successfully reloaded assembly
- Completed reload, in  1.555 seconds
Platform modules already initialized, skipping
Refreshing native plugins compatible for Editor in 2.89 ms, found 0 plugins.
Preloading 0 native plugins for Editor in 0.00 ms.
Unloading 1259 Unused Serialized files (Serialized files now loaded: 0)
System memory in use before: 81.4 MB.
System memory in use after: 81.5 MB.

Unloading 7 unused Assets to reduce memory usage. Loaded Objects now: 1725.
Total: 2.218400 ms (FindLiveObjects: 0.161500 ms CreateObjectMapping: 0.030800 ms MarkObjects: 2.002000 ms  DeleteObjects: 0.022700 ms)

